#
# There is insufficient memory for the Java Runtime Environment to continue.
# Native memory allocation (malloc) failed to allocate 434912 bytes for Chunk::new
# Possible reasons:
#   The system is out of physical RAM or swap space
#   The process is running with CompressedOops enabled, and the Java Heap may be blocking the growth of the native heap
# Possible solutions:
#   Reduce memory load on the system
#   Increase physical memory or swap space
#   Check if swap backing store is full
#   Decrease Java heap size (-Xmx/-Xms)
#   Decrease number of Java threads
#   Decrease Java thread stack sizes (-Xss)
#   Set larger code cache with -XX:ReservedCodeCacheSize=
#   JVM is running with Zero Based Compressed Oops mode in which the Java heap is
#     placed in the first 32GB address space. The Java Heap base address is the
#     maximum limit for the native heap growth. Please use -XX:HeapBaseMinAddress
#     to set the Java Heap base and to place the Java Heap above 32GB virtual address.
# This output file may be truncated or incomplete.
#
#  Out of Memory Error (arena.cpp:166), pid=11896, tid=1424
#
# JRE version: Java(TM) SE Runtime Environment (21.0+35) (build 21+35-LTS-2513)
# Java VM: Java HotSpot(TM) 64-Bit Server VM (21+35-LTS-2513, mixed mode, sharing, tiered, compressed oops, compressed class ptrs, g1 gc, windows-amd64)
# No core dump will be written. Minidumps are not enabled by default on client versions of Windows
#

---------------  S U M M A R Y ------------

Command Line: -javaagent:C:\Users\poesh\AppData\Local\Programs\IntelliJ IDEA Community Edition\lib\idea_rt.jar=7451:C:\Users\poesh\AppData\Local\Programs\IntelliJ IDEA Community Edition\bin -Dfile.encoding=UTF-8 -Dsun.stdout.encoding=UTF-8 -Dsun.stderr.encoding=UTF-8 edu.java.bot.BotApplication

Host: AMD Ryzen 5 4600H with Radeon Graphics         , 12 cores, 15G,  Windows 10 , 64 bit Build 19041 (10.0.19041.3636)
Time: Mon Apr 29 22:04:33 2024 RTZ 2 (s 10 , 64 bit Build 19041 (10.0.19041.3636) elapsed time: 1.708478 seconds (0d 0h 0m 1s)

---------------  T H R E A D  ---------------

Current thread (0x00000194b7f725f0):  JavaThread "C2 CompilerThread0" daemon [_thread_in_native, id=1424, stack(0x0000001d87600000,0x0000001d87700000) (1024K)]


Current CompileTask:
C2:   1708 2404       4       jdk.internal.org.objectweb.asm.Frame::execute (2305 bytes)

Stack: [0x0000001d87600000,0x0000001d87700000]
Native frames: (J=compiled Java code, j=interpreted, Vv=VM code, C=native code)
V  [jvm.dll+0x6c8d39]
V  [jvm.dll+0x854091]
V  [jvm.dll+0x85630e]
V  [jvm.dll+0x8569e3]
V  [jvm.dll+0x2809a6]
V  [jvm.dll+0xc3e6d]
V  [jvm.dll+0xc4383]
V  [jvm.dll+0x3b551c]
V  [jvm.dll+0x382245]
V  [jvm.dll+0x3816ba]
V  [jvm.dll+0x249800]
V  [jvm.dll+0x248de1]
V  [jvm.dll+0x1c9b91]
V  [jvm.dll+0x2583e9]
V  [jvm.dll+0x2569ca]
V  [jvm.dll+0x3eef66]
V  [jvm.dll+0x7fd2c8]
V  [jvm.dll+0x6c748d]
C  [ucrtbase.dll+0x21bb2]
C  [KERNEL32.DLL+0x17344]
C  [ntdll.dll+0x526b1]


---------------  P R O C E S S  ---------------

Threads class SMR info:
_java_thread_list=0x00000194fe212000, length=15, elements={
0x0000019496b40fe0, 0x00000194b7f5be10, 0x00000194b7f5db40, 0x00000194b7f5fd30,
0x00000194b7f60a10, 0x00000194b7f646c0, 0x00000194b7f63310, 0x00000194b7f725f0,
0x00000194b7f765b0, 0x00000194b7f62c80, 0x00000194fd491820, 0x00000194b7f64d50,
0x00000194b7f618d0, 0x00000194b7f639a0, 0x00000194b7f64030
}

Java Threads: ( => current thread )
  0x0000019496b40fe0 JavaThread "main"                              [_thread_blocked, id=3876, stack(0x0000001d86800000,0x0000001d86900000) (1024K)]
  0x00000194b7f5be10 JavaThread "Reference Handler"          daemon [_thread_blocked, id=15756, stack(0x0000001d87000000,0x0000001d87100000) (1024K)]
  0x00000194b7f5db40 JavaThread "Finalizer"                  daemon [_thread_blocked, id=21784, stack(0x0000001d87100000,0x0000001d87200000) (1024K)]
  0x00000194b7f5fd30 JavaThread "Signal Dispatcher"          daemon [_thread_blocked, id=11820, stack(0x0000001d87200000,0x0000001d87300000) (1024K)]
  0x00000194b7f60a10 JavaThread "Attach Listener"            daemon [_thread_blocked, id=24484, stack(0x0000001d87300000,0x0000001d87400000) (1024K)]
  0x00000194b7f646c0 JavaThread "Service Thread"             daemon [_thread_blocked, id=860, stack(0x0000001d87400000,0x0000001d87500000) (1024K)]
  0x00000194b7f63310 JavaThread "Monitor Deflation Thread"   daemon [_thread_blocked, id=13476, stack(0x0000001d87500000,0x0000001d87600000) (1024K)]
=>0x00000194b7f725f0 JavaThread "C2 CompilerThread0"         daemon [_thread_in_native, id=1424, stack(0x0000001d87600000,0x0000001d87700000) (1024K)]
  0x00000194b7f765b0 JavaThread "C1 CompilerThread0"         daemon [_thread_blocked, id=23584, stack(0x0000001d87700000,0x0000001d87800000) (1024K)]
  0x00000194b7f62c80 JavaThread "Common-Cleaner"             daemon [_thread_blocked, id=936, stack(0x0000001d87800000,0x0000001d87900000) (1024K)]
  0x00000194fd491820 JavaThread "C2 CompilerThread1"         daemon [_thread_in_native, id=7752, stack(0x0000001d87900000,0x0000001d87a00000) (1024K)]
  0x00000194b7f64d50 JavaThread "Monitor Ctrl-Break"         daemon [_thread_in_native, id=22712, stack(0x0000001d87a00000,0x0000001d87b00000) (1024K)]
  0x00000194b7f618d0 JavaThread "Notification Thread"        daemon [_thread_blocked, id=15868, stack(0x0000001d87b00000,0x0000001d87c00000) (1024K)]
  0x00000194b7f639a0 JavaThread "Thread-0"                          [_thread_blocked, id=10872, stack(0x0000001d88100000,0x0000001d88200000) (1024K)]
  0x00000194b7f64030 JavaThread "restartedMain"                     [_thread_in_vm, id=6376, stack(0x0000001d88200000,0x0000001d88300000) (1024K)]
Total: 15

Other Threads:
  0x00000194b7f39c70 VMThread "VM Thread"                           [id=4080, stack(0x0000001d86f00000,0x0000001d87000000) (1024K)]
  0x00000194b7f25110 WatcherThread "VM Periodic Task Thread"        [id=21888, stack(0x0000001d86e00000,0x0000001d86f00000) (1024K)]
  0x0000019496d13140 WorkerThread "GC Thread#0"                     [id=17484, stack(0x0000001d86900000,0x0000001d86a00000) (1024K)]
  0x00000194fdf818c0 WorkerThread "GC Thread#1"                     [id=3284, stack(0x0000001d87c00000,0x0000001d87d00000) (1024K)]
  0x00000194fdf81c60 WorkerThread "GC Thread#2"                     [id=23980, stack(0x0000001d87d00000,0x0000001d87e00000) (1024K)]
  0x00000194fdf28540 WorkerThread "GC Thread#3"                     [id=13880, stack(0x0000001d87e00000,0x0000001d87f00000) (1024K)]
  0x00000194fdf288e0 WorkerThread "GC Thread#4"                     [id=7836, stack(0x0000001d87f00000,0x0000001d88000000) (1024K)]
  0x00000194fdfdb860 WorkerThread "GC Thread#5"                     [id=15244, stack(0x0000001d88000000,0x0000001d88100000) (1024K)]
  0x00000194fe00b960 WorkerThread "GC Thread#6"                     [id=24044, stack(0x0000001d88300000,0x0000001d88400000) (1024K)]
  0x00000194fe00bd00 WorkerThread "GC Thread#7"                     [id=16192, stack(0x0000001d88400000,0x0000001d88500000) (1024K)]
  0x00000194fe00c0a0 WorkerThread "GC Thread#8"                     [id=21344, stack(0x0000001d88500000,0x0000001d88600000) (1024K)]
  0x00000194fe00c440 WorkerThread "GC Thread#9"                     [id=24424, stack(0x0000001d88600000,0x0000001d88700000) (1024K)]
  0x0000019496d24640 ConcurrentGCThread "G1 Main Marker"            [id=23728, stack(0x0000001d86a00000,0x0000001d86b00000) (1024K)]
  0x0000019496d25200 WorkerThread "G1 Conc#0"                       [id=21416, stack(0x0000001d86b00000,0x0000001d86c00000) (1024K)]
  0x00000194b7df55c0 ConcurrentGCThread "G1 Refine#0"               [id=23732, stack(0x0000001d86c00000,0x0000001d86d00000) (1024K)]
  0x00000194b7df5f40 ConcurrentGCThread "G1 Service"                [id=17916, stack(0x0000001d86d00000,0x0000001d86e00000) (1024K)]
Total: 16

Threads with active compile tasks:
C2 CompilerThread0     1720 2404       4       jdk.internal.org.objectweb.asm.Frame::execute (2305 bytes)
C2 CompilerThread1     1720 2402       4       org.springframework.boot.context.properties.source.ConfigurationPropertyName$ElementsParser::parse (234 bytes)
Total: 2

VM state: not at safepoint (normal execution)

VM Mutex/Monitor currently owned by a thread: None

Heap address: 0x000000070a000000, size: 3936 MB, Compressed Oops mode: Zero based, Oop shift amount: 3

CDS archive(s) mapped at: [0x00000194b8000000-0x00000194b8c90000-0x00000194b8c90000), size 13172736, SharedBaseAddress: 0x00000194b8000000, ArchiveRelocationMode: 1.
Compressed class space mapped at: 0x00000194b9000000-0x00000194f9000000, reserved size: 1073741824
Narrow klass base: 0x00000194b8000000, Narrow klass shift: 0, Narrow klass range: 0x100000000

GC Precious Log:
 CardTable entry size: 512
 Card Set container configuration: InlinePtr #cards 4 size 8 Array Of Cards #cards 16 size 48 Howl #buckets 8 coarsen threshold 3686 Howl Bitmap #cards 512 size 80 coarsen threshold 460 Card regions per heap region 1 cards per card region 4096
 CPUs: 12 total, 12 available
 Memory: 15741M
 Large Page Support: Disabled
 NUMA Support: Disabled
 Compressed Oops: Enabled (Zero based)
 Heap Region Size: 2M
 Heap Min Capacity: 8M
 Heap Initial Capacity: 246M
 Heap Max Capacity: 3936M
 Pre-touch: Disabled
 Parallel Workers: 10
 Concurrent Workers: 3
 Concurrent Refinement Workers: 10
 Periodic GC: Disabled

Heap:
 garbage-first heap   total 251904K, used 13490K [0x000000070a000000, 0x0000000800000000)
  region size 2048K, 5 young (10240K), 2 survivors (4096K)
 Metaspace       used 15834K, committed 16192K, reserved 1114112K
  class space    used 1881K, committed 2048K, reserved 1048576K

Heap Regions: E=young(eden), S=young(survivor), O=old, HS=humongous(starts), HC=humongous(continues), CS=collection set, F=free, TAMS=top-at-mark-start, PB=parsable bottom
|   0|0x000000070a000000, 0x000000070a200000, 0x000000070a200000|100%| O|  |TAMS 0x000000070a000000| PB 0x000000070a000000| Untracked 
|   1|0x000000070a200000, 0x000000070a400000, 0x000000070a400000|100%| O|  |TAMS 0x000000070a200000| PB 0x000000070a200000| Untracked 
|   2|0x000000070a400000, 0x000000070a600000, 0x000000070a600000|100%| O|  |TAMS 0x000000070a400000| PB 0x000000070a400000| Untracked 
|   3|0x000000070a600000, 0x000000070a600000, 0x000000070a800000|  0%| F|  |TAMS 0x000000070a600000| PB 0x000000070a600000| Untracked 
|   4|0x000000070a800000, 0x000000070a800000, 0x000000070aa00000|  0%| F|  |TAMS 0x000000070a800000| PB 0x000000070a800000| Untracked 
|   5|0x000000070aa00000, 0x000000070aa00000, 0x000000070ac00000|  0%| F|  |TAMS 0x000000070aa00000| PB 0x000000070aa00000| Untracked 
|   6|0x000000070ac00000, 0x000000070ac00000, 0x000000070ae00000|  0%| F|  |TAMS 0x000000070ac00000| PB 0x000000070ac00000| Untracked 
|   7|0x000000070ae00000, 0x000000070ae00000, 0x000000070b000000|  0%| F|  |TAMS 0x000000070ae00000| PB 0x000000070ae00000| Untracked 
|   8|0x000000070b000000, 0x000000070b000000, 0x000000070b200000|  0%| F|  |TAMS 0x000000070b000000| PB 0x000000070b000000| Untracked 
|   9|0x000000070b200000, 0x000000070b200000, 0x000000070b400000|  0%| F|  |TAMS 0x000000070b200000| PB 0x000000070b200000| Untracked 
|  10|0x000000070b400000, 0x000000070b400000, 0x000000070b600000|  0%| F|  |TAMS 0x000000070b400000| PB 0x000000070b400000| Untracked 
|  11|0x000000070b600000, 0x000000070b600000, 0x000000070b800000|  0%| F|  |TAMS 0x000000070b600000| PB 0x000000070b600000| Untracked 
|  12|0x000000070b800000, 0x000000070b800000, 0x000000070ba00000|  0%| F|  |TAMS 0x000000070b800000| PB 0x000000070b800000| Untracked 
|  13|0x000000070ba00000, 0x000000070ba00000, 0x000000070bc00000|  0%| F|  |TAMS 0x000000070ba00000| PB 0x000000070ba00000| Untracked 
|  14|0x000000070bc00000, 0x000000070bc00000, 0x000000070be00000|  0%| F|  |TAMS 0x000000070bc00000| PB 0x000000070bc00000| Untracked 
|  15|0x000000070be00000, 0x000000070be00000, 0x000000070c000000|  0%| F|  |TAMS 0x000000070be00000| PB 0x000000070be00000| Untracked 
|  16|0x000000070c000000, 0x000000070c000000, 0x000000070c200000|  0%| F|  |TAMS 0x000000070c000000| PB 0x000000070c000000| Untracked 
|  17|0x000000070c200000, 0x000000070c200000, 0x000000070c400000|  0%| F|  |TAMS 0x000000070c200000| PB 0x000000070c200000| Untracked 
|  18|0x000000070c400000, 0x000000070c400000, 0x000000070c600000|  0%| F|  |TAMS 0x000000070c400000| PB 0x000000070c400000| Untracked 
|  19|0x000000070c600000, 0x000000070c600000, 0x000000070c800000|  0%| F|  |TAMS 0x000000070c600000| PB 0x000000070c600000| Untracked 
|  20|0x000000070c800000, 0x000000070c800000, 0x000000070ca00000|  0%| F|  |TAMS 0x000000070c800000| PB 0x000000070c800000| Untracked 
|  21|0x000000070ca00000, 0x000000070ca00000, 0x000000070cc00000|  0%| F|  |TAMS 0x000000070ca00000| PB 0x000000070ca00000| Untracked 
|  22|0x000000070cc00000, 0x000000070cc00000, 0x000000070ce00000|  0%| F|  |TAMS 0x000000070cc00000| PB 0x000000070cc00000| Untracked 
|  23|0x000000070ce00000, 0x000000070ce00000, 0x000000070d000000|  0%| F|  |TAMS 0x000000070ce00000| PB 0x000000070ce00000| Untracked 
|  24|0x000000070d000000, 0x000000070d000000, 0x000000070d200000|  0%| F|  |TAMS 0x000000070d000000| PB 0x000000070d000000| Untracked 
|  25|0x000000070d200000, 0x000000070d200000, 0x000000070d400000|  0%| F|  |TAMS 0x000000070d200000| PB 0x000000070d200000| Untracked 
|  26|0x000000070d400000, 0x000000070d400000, 0x000000070d600000|  0%| F|  |TAMS 0x000000070d400000| PB 0x000000070d400000| Untracked 
|  27|0x000000070d600000, 0x000000070d600000, 0x000000070d800000|  0%| F|  |TAMS 0x000000070d600000| PB 0x000000070d600000| Untracked 
|  28|0x000000070d800000, 0x000000070d800000, 0x000000070da00000|  0%| F|  |TAMS 0x000000070d800000| PB 0x000000070d800000| Untracked 
|  29|0x000000070da00000, 0x000000070da00000, 0x000000070dc00000|  0%| F|  |TAMS 0x000000070da00000| PB 0x000000070da00000| Untracked 
|  30|0x000000070dc00000, 0x000000070dc00000, 0x000000070de00000|  0%| F|  |TAMS 0x000000070dc00000| PB 0x000000070dc00000| Untracked 
|  31|0x000000070de00000, 0x000000070de00000, 0x000000070e000000|  0%| F|  |TAMS 0x000000070de00000| PB 0x000000070de00000| Untracked 
|  32|0x000000070e000000, 0x000000070e000000, 0x000000070e200000|  0%| F|  |TAMS 0x000000070e000000| PB 0x000000070e000000| Untracked 
|  33|0x000000070e200000, 0x000000070e200000, 0x000000070e400000|  0%| F|  |TAMS 0x000000070e200000| PB 0x000000070e200000| Untracked 
|  34|0x000000070e400000, 0x000000070e400000, 0x000000070e600000|  0%| F|  |TAMS 0x000000070e400000| PB 0x000000070e400000| Untracked 
|  35|0x000000070e600000, 0x000000070e600000, 0x000000070e800000|  0%| F|  |TAMS 0x000000070e600000| PB 0x000000070e600000| Untracked 
|  36|0x000000070e800000, 0x000000070e800000, 0x000000070ea00000|  0%| F|  |TAMS 0x000000070e800000| PB 0x000000070e800000| Untracked 
|  37|0x000000070ea00000, 0x000000070ea00000, 0x000000070ec00000|  0%| F|  |TAMS 0x000000070ea00000| PB 0x000000070ea00000| Untracked 
|  38|0x000000070ec00000, 0x000000070ec00000, 0x000000070ee00000|  0%| F|  |TAMS 0x000000070ec00000| PB 0x000000070ec00000| Untracked 
|  39|0x000000070ee00000, 0x000000070ee00000, 0x000000070f000000|  0%| F|  |TAMS 0x000000070ee00000| PB 0x000000070ee00000| Untracked 
|  40|0x000000070f000000, 0x000000070f000000, 0x000000070f200000|  0%| F|  |TAMS 0x000000070f000000| PB 0x000000070f000000| Untracked 
|  41|0x000000070f200000, 0x000000070f200000, 0x000000070f400000|  0%| F|  |TAMS 0x000000070f200000| PB 0x000000070f200000| Untracked 
|  42|0x000000070f400000, 0x000000070f400000, 0x000000070f600000|  0%| F|  |TAMS 0x000000070f400000| PB 0x000000070f400000| Untracked 
|  43|0x000000070f600000, 0x000000070f600000, 0x000000070f800000|  0%| F|  |TAMS 0x000000070f600000| PB 0x000000070f600000| Untracked 
|  44|0x000000070f800000, 0x000000070f800000, 0x000000070fa00000|  0%| F|  |TAMS 0x000000070f800000| PB 0x000000070f800000| Untracked 
|  45|0x000000070fa00000, 0x000000070fa00000, 0x000000070fc00000|  0%| F|  |TAMS 0x000000070fa00000| PB 0x000000070fa00000| Untracked 
|  46|0x000000070fc00000, 0x000000070fc00000, 0x000000070fe00000|  0%| F|  |TAMS 0x000000070fc00000| PB 0x000000070fc00000| Untracked 
|  47|0x000000070fe00000, 0x000000070fe00000, 0x0000000710000000|  0%| F|  |TAMS 0x000000070fe00000| PB 0x000000070fe00000| Untracked 
|  48|0x0000000710000000, 0x0000000710000000, 0x0000000710200000|  0%| F|  |TAMS 0x0000000710000000| PB 0x0000000710000000| Untracked 
|  49|0x0000000710200000, 0x0000000710200000, 0x0000000710400000|  0%| F|  |TAMS 0x0000000710200000| PB 0x0000000710200000| Untracked 
|  50|0x0000000710400000, 0x0000000710400000, 0x0000000710600000|  0%| F|  |TAMS 0x0000000710400000| PB 0x0000000710400000| Untracked 
|  51|0x0000000710600000, 0x0000000710600000, 0x0000000710800000|  0%| F|  |TAMS 0x0000000710600000| PB 0x0000000710600000| Untracked 
|  52|0x0000000710800000, 0x0000000710800000, 0x0000000710a00000|  0%| F|  |TAMS 0x0000000710800000| PB 0x0000000710800000| Untracked 
|  53|0x0000000710a00000, 0x0000000710a00000, 0x0000000710c00000|  0%| F|  |TAMS 0x0000000710a00000| PB 0x0000000710a00000| Untracked 
|  54|0x0000000710c00000, 0x0000000710c00000, 0x0000000710e00000|  0%| F|  |TAMS 0x0000000710c00000| PB 0x0000000710c00000| Untracked 
|  55|0x0000000710e00000, 0x0000000710e00000, 0x0000000711000000|  0%| F|  |TAMS 0x0000000710e00000| PB 0x0000000710e00000| Untracked 
|  56|0x0000000711000000, 0x0000000711000000, 0x0000000711200000|  0%| F|  |TAMS 0x0000000711000000| PB 0x0000000711000000| Untracked 
|  57|0x0000000711200000, 0x0000000711200000, 0x0000000711400000|  0%| F|  |TAMS 0x0000000711200000| PB 0x0000000711200000| Untracked 
|  58|0x0000000711400000, 0x0000000711400000, 0x0000000711600000|  0%| F|  |TAMS 0x0000000711400000| PB 0x0000000711400000| Untracked 
|  59|0x0000000711600000, 0x0000000711600000, 0x0000000711800000|  0%| F|  |TAMS 0x0000000711600000| PB 0x0000000711600000| Untracked 
|  60|0x0000000711800000, 0x0000000711800000, 0x0000000711a00000|  0%| F|  |TAMS 0x0000000711800000| PB 0x0000000711800000| Untracked 
|  61|0x0000000711a00000, 0x0000000711a00000, 0x0000000711c00000|  0%| F|  |TAMS 0x0000000711a00000| PB 0x0000000711a00000| Untracked 
|  62|0x0000000711c00000, 0x0000000711c00000, 0x0000000711e00000|  0%| F|  |TAMS 0x0000000711c00000| PB 0x0000000711c00000| Untracked 
|  63|0x0000000711e00000, 0x0000000711e00000, 0x0000000712000000|  0%| F|  |TAMS 0x0000000711e00000| PB 0x0000000711e00000| Untracked 
|  64|0x0000000712000000, 0x0000000712000000, 0x0000000712200000|  0%| F|  |TAMS 0x0000000712000000| PB 0x0000000712000000| Untracked 
|  65|0x0000000712200000, 0x0000000712200000, 0x0000000712400000|  0%| F|  |TAMS 0x0000000712200000| PB 0x0000000712200000| Untracked 
|  66|0x0000000712400000, 0x0000000712400000, 0x0000000712600000|  0%| F|  |TAMS 0x0000000712400000| PB 0x0000000712400000| Untracked 
|  67|0x0000000712600000, 0x0000000712600000, 0x0000000712800000|  0%| F|  |TAMS 0x0000000712600000| PB 0x0000000712600000| Untracked 
|  68|0x0000000712800000, 0x0000000712800000, 0x0000000712a00000|  0%| F|  |TAMS 0x0000000712800000| PB 0x0000000712800000| Untracked 
|  69|0x0000000712a00000, 0x0000000712a00000, 0x0000000712c00000|  0%| F|  |TAMS 0x0000000712a00000| PB 0x0000000712a00000| Untracked 
|  70|0x0000000712c00000, 0x0000000712c00000, 0x0000000712e00000|  0%| F|  |TAMS 0x0000000712c00000| PB 0x0000000712c00000| Untracked 
|  71|0x0000000712e00000, 0x0000000712e00000, 0x0000000713000000|  0%| F|  |TAMS 0x0000000712e00000| PB 0x0000000712e00000| Untracked 
|  72|0x0000000713000000, 0x0000000713000000, 0x0000000713200000|  0%| F|  |TAMS 0x0000000713000000| PB 0x0000000713000000| Untracked 
|  73|0x0000000713200000, 0x0000000713200000, 0x0000000713400000|  0%| F|  |TAMS 0x0000000713200000| PB 0x0000000713200000| Untracked 
|  74|0x0000000713400000, 0x0000000713400000, 0x0000000713600000|  0%| F|  |TAMS 0x0000000713400000| PB 0x0000000713400000| Untracked 
|  75|0x0000000713600000, 0x0000000713600000, 0x0000000713800000|  0%| F|  |TAMS 0x0000000713600000| PB 0x0000000713600000| Untracked 
|  76|0x0000000713800000, 0x0000000713800000, 0x0000000713a00000|  0%| F|  |TAMS 0x0000000713800000| PB 0x0000000713800000| Untracked 
|  77|0x0000000713a00000, 0x0000000713a00000, 0x0000000713c00000|  0%| F|  |TAMS 0x0000000713a00000| PB 0x0000000713a00000| Untracked 
|  78|0x0000000713c00000, 0x0000000713c00000, 0x0000000713e00000|  0%| F|  |TAMS 0x0000000713c00000| PB 0x0000000713c00000| Untracked 
|  79|0x0000000713e00000, 0x0000000713e00000, 0x0000000714000000|  0%| F|  |TAMS 0x0000000713e00000| PB 0x0000000713e00000| Untracked 
|  80|0x0000000714000000, 0x0000000714000000, 0x0000000714200000|  0%| F|  |TAMS 0x0000000714000000| PB 0x0000000714000000| Untracked 
|  81|0x0000000714200000, 0x0000000714200000, 0x0000000714400000|  0%| F|  |TAMS 0x0000000714200000| PB 0x0000000714200000| Untracked 
|  82|0x0000000714400000, 0x0000000714400000, 0x0000000714600000|  0%| F|  |TAMS 0x0000000714400000| PB 0x0000000714400000| Untracked 
|  83|0x0000000714600000, 0x0000000714600000, 0x0000000714800000|  0%| F|  |TAMS 0x0000000714600000| PB 0x0000000714600000| Untracked 
|  84|0x0000000714800000, 0x0000000714800000, 0x0000000714a00000|  0%| F|  |TAMS 0x0000000714800000| PB 0x0000000714800000| Untracked 
|  85|0x0000000714a00000, 0x0000000714a00000, 0x0000000714c00000|  0%| F|  |TAMS 0x0000000714a00000| PB 0x0000000714a00000| Untracked 
|  86|0x0000000714c00000, 0x0000000714c00000, 0x0000000714e00000|  0%| F|  |TAMS 0x0000000714c00000| PB 0x0000000714c00000| Untracked 
|  87|0x0000000714e00000, 0x0000000714e00000, 0x0000000715000000|  0%| F|  |TAMS 0x0000000714e00000| PB 0x0000000714e00000| Untracked 
|  88|0x0000000715000000, 0x0000000715000000, 0x0000000715200000|  0%| F|  |TAMS 0x0000000715000000| PB 0x0000000715000000| Untracked 
|  89|0x0000000715200000, 0x0000000715200000, 0x0000000715400000|  0%| F|  |TAMS 0x0000000715200000| PB 0x0000000715200000| Untracked 
|  90|0x0000000715400000, 0x0000000715400000, 0x0000000715600000|  0%| F|  |TAMS 0x0000000715400000| PB 0x0000000715400000| Untracked 
|  91|0x0000000715600000, 0x0000000715600000, 0x0000000715800000|  0%| F|  |TAMS 0x0000000715600000| PB 0x0000000715600000| Untracked 
|  92|0x0000000715800000, 0x0000000715800000, 0x0000000715a00000|  0%| F|  |TAMS 0x0000000715800000| PB 0x0000000715800000| Untracked 
|  93|0x0000000715a00000, 0x0000000715a00000, 0x0000000715c00000|  0%| F|  |TAMS 0x0000000715a00000| PB 0x0000000715a00000| Untracked 
|  94|0x0000000715c00000, 0x0000000715c00000, 0x0000000715e00000|  0%| F|  |TAMS 0x0000000715c00000| PB 0x0000000715c00000| Untracked 
|  95|0x0000000715e00000, 0x0000000715e00000, 0x0000000716000000|  0%| F|  |TAMS 0x0000000715e00000| PB 0x0000000715e00000| Untracked 
|  96|0x0000000716000000, 0x0000000716000000, 0x0000000716200000|  0%| F|  |TAMS 0x0000000716000000| PB 0x0000000716000000| Untracked 
|  97|0x0000000716200000, 0x0000000716200000, 0x0000000716400000|  0%| F|  |TAMS 0x0000000716200000| PB 0x0000000716200000| Untracked 
|  98|0x0000000716400000, 0x0000000716400000, 0x0000000716600000|  0%| F|  |TAMS 0x0000000716400000| PB 0x0000000716400000| Untracked 
|  99|0x0000000716600000, 0x0000000716600000, 0x0000000716800000|  0%| F|  |TAMS 0x0000000716600000| PB 0x0000000716600000| Untracked 
| 100|0x0000000716800000, 0x0000000716800000, 0x0000000716a00000|  0%| F|  |TAMS 0x0000000716800000| PB 0x0000000716800000| Untracked 
| 101|0x0000000716a00000, 0x0000000716a00000, 0x0000000716c00000|  0%| F|  |TAMS 0x0000000716a00000| PB 0x0000000716a00000| Untracked 
| 102|0x0000000716c00000, 0x0000000716c00000, 0x0000000716e00000|  0%| F|  |TAMS 0x0000000716c00000| PB 0x0000000716c00000| Untracked 
| 103|0x0000000716e00000, 0x0000000716e00000, 0x0000000717000000|  0%| F|  |TAMS 0x0000000716e00000| PB 0x0000000716e00000| Untracked 
| 104|0x0000000717000000, 0x000000071712cb78, 0x0000000717200000| 58%| S|CS|TAMS 0x0000000717000000| PB 0x0000000717000000| Complete 
| 105|0x0000000717200000, 0x0000000717400000, 0x0000000717400000|100%| S|CS|TAMS 0x0000000717200000| PB 0x0000000717200000| Complete 
| 106|0x0000000717400000, 0x0000000717400000, 0x0000000717600000|  0%| F|  |TAMS 0x0000000717400000| PB 0x0000000717400000| Untracked 
| 107|0x0000000717600000, 0x0000000717600000, 0x0000000717800000|  0%| F|  |TAMS 0x0000000717600000| PB 0x0000000717600000| Untracked 
| 108|0x0000000717800000, 0x0000000717800000, 0x0000000717a00000|  0%| F|  |TAMS 0x0000000717800000| PB 0x0000000717800000| Untracked 
| 109|0x0000000717a00000, 0x0000000717a00000, 0x0000000717c00000|  0%| F|  |TAMS 0x0000000717a00000| PB 0x0000000717a00000| Untracked 
| 110|0x0000000717c00000, 0x0000000717c00000, 0x0000000717e00000|  0%| F|  |TAMS 0x0000000717c00000| PB 0x0000000717c00000| Untracked 
| 111|0x0000000717e00000, 0x0000000717e00000, 0x0000000718000000|  0%| F|  |TAMS 0x0000000717e00000| PB 0x0000000717e00000| Untracked 
| 112|0x0000000718000000, 0x0000000718000000, 0x0000000718200000|  0%| F|  |TAMS 0x0000000718000000| PB 0x0000000718000000| Untracked 
| 113|0x0000000718200000, 0x0000000718200000, 0x0000000718400000|  0%| F|  |TAMS 0x0000000718200000| PB 0x0000000718200000| Untracked 
| 114|0x0000000718400000, 0x0000000718400000, 0x0000000718600000|  0%| F|  |TAMS 0x0000000718400000| PB 0x0000000718400000| Untracked 
| 115|0x0000000718600000, 0x0000000718600000, 0x0000000718800000|  0%| F|  |TAMS 0x0000000718600000| PB 0x0000000718600000| Untracked 
| 116|0x0000000718800000, 0x0000000718800000, 0x0000000718a00000|  0%| F|  |TAMS 0x0000000718800000| PB 0x0000000718800000| Untracked 
| 117|0x0000000718a00000, 0x0000000718a00000, 0x0000000718c00000|  0%| F|  |TAMS 0x0000000718a00000| PB 0x0000000718a00000| Untracked 
| 118|0x0000000718c00000, 0x0000000718c00000, 0x0000000718e00000|  0%| F|  |TAMS 0x0000000718c00000| PB 0x0000000718c00000| Untracked 
| 119|0x0000000718e00000, 0x0000000718e00000, 0x0000000719000000|  0%| F|  |TAMS 0x0000000718e00000| PB 0x0000000718e00000| Untracked 
| 120|0x0000000719000000, 0x00000007190ca448, 0x0000000719200000| 39%| E|  |TAMS 0x0000000719000000| PB 0x0000000719000000| Complete 
| 121|0x0000000719200000, 0x0000000719400000, 0x0000000719400000|100%| E|CS|TAMS 0x0000000719200000| PB 0x0000000719200000| Complete 
| 122|0x0000000719400000, 0x0000000719600000, 0x0000000719600000|100%| E|CS|TAMS 0x0000000719400000| PB 0x0000000719400000| Complete 

Card table byte_map: [0x00000194b0d50000,0x00000194b1500000] _byte_map_base: 0x00000194ad500000

Marking Bits: (CMBitMap*) 0x0000019496d14760
 Bits: [0x00000194b1500000, 0x00000194b5280000)

Polling page: 0x0000019496ae0000

Metaspace:

Usage:
  Non-class:     13.65 MB used.
      Class:      1.84 MB used.
       Both:     15.49 MB used.

Virtual space:
  Non-class space:       64.00 MB reserved,      13.81 MB ( 22%) committed,  1 nodes.
      Class space:        1.00 GB reserved,       2.00 MB ( <1%) committed,  1 nodes.
             Both:        1.06 GB reserved,      15.81 MB (  1%) committed. 

Chunk freelists:
   Non-Class:  2.03 MB
       Class:  14.04 MB
        Both:  16.07 MB

MaxMetaspaceSize: unlimited
CompressedClassSpaceSize: 1.00 GB
Initial GC threshold: 21.00 MB
Current GC threshold: 21.00 MB
CDS: on
 - commit_granule_bytes: 65536.
 - commit_granule_words: 8192.
 - virtual_space_node_default_size: 8388608.
 - enlarge_chunks_in_place: 1.
 - use_allocation_guard: 0.


Internal statistics:

num_allocs_failed_limit: 0.
num_arena_births: 302.
num_arena_deaths: 0.
num_vsnodes_births: 2.
num_vsnodes_deaths: 0.
num_space_committed: 253.
num_space_uncommitted: 0.
num_chunks_returned_to_freelist: 0.
num_chunks_taken_from_freelist: 704.
num_chunk_merges: 0.
num_chunk_splits: 454.
num_chunks_enlarged: 314.
num_inconsistent_stats: 0.

CodeHeap 'non-profiled nmethods': size=120000Kb used=899Kb max_used=899Kb free=119100Kb
 bounds [0x00000194a83e0000, 0x00000194a8650000, 0x00000194af910000]
CodeHeap 'profiled nmethods': size=120000Kb used=4528Kb max_used=4528Kb free=115471Kb
 bounds [0x00000194a0910000, 0x00000194a0d80000, 0x00000194a7e40000]
CodeHeap 'non-nmethods': size=5760Kb used=1440Kb max_used=1454Kb free=4319Kb
 bounds [0x00000194a7e40000, 0x00000194a80b0000, 0x00000194a83e0000]
 total_blobs=2960 nmethods=2432 adapters=432
 compilation: enabled
              stopped_count=0, restarted_count=0
 full_count=0

Compilation events (20 events):
Event: 1.697 Thread 0x00000194b7f765b0 2400       3       org.springframework.boot.context.properties.source.ConfigurationPropertyName::of (23 bytes)
Event: 1.697 Thread 0x00000194fd491820 2402       4       org.springframework.boot.context.properties.source.ConfigurationPropertyName$ElementsParser::parse (234 bytes)
Event: 1.697 Thread 0x00000194b7f765b0 nmethod 2400 0x00000194a0d69f90 code [0x00000194a0d6a160, 0x00000194a0d6a5e0]
Event: 1.697 Thread 0x00000194b7f765b0 2401       3       org.springframework.boot.context.properties.source.ConfigurationPropertyName::elementsOf (8 bytes)
Event: 1.697 Thread 0x00000194b7f765b0 nmethod 2401 0x00000194a0d6a790 code [0x00000194a0d6a940, 0x00000194a0d6aa60]
Event: 1.698 Thread 0x00000194b7f765b0 2403       3       java.nio.Buffer::limit (65 bytes)
Event: 1.698 Thread 0x00000194b7f765b0 nmethod 2403 0x00000194a0d6ab10 code [0x00000194a0d6acc0, 0x00000194a0d6af80]
Event: 1.699 Thread 0x00000194b7f725f0 2404       4       jdk.internal.org.objectweb.asm.Frame::execute (2305 bytes)
Event: 1.699 Thread 0x00000194b7f765b0 2405       3       jdk.internal.org.objectweb.asm.MethodWriter::visitTryCatchBlock (67 bytes)
Event: 1.699 Thread 0x00000194b7f765b0 nmethod 2405 0x00000194a0d6b090 code [0x00000194a0d6b280, 0x00000194a0d6b968]
Event: 1.699 Thread 0x00000194b7f765b0 2406       3       jdk.internal.org.objectweb.asm.Handler::<init> (32 bytes)
Event: 1.700 Thread 0x00000194b7f765b0 nmethod 2406 0x00000194a0d6bb90 code [0x00000194a0d6bd40, 0x00000194a0d6c040]
Event: 1.701 Thread 0x00000194b7f765b0 2408       3       jdk.internal.loader.AbstractClassLoaderValue::extractValue (17 bytes)
Event: 1.701 Thread 0x00000194b7f765b0 nmethod 2408 0x00000194a0d6c110 code [0x00000194a0d6c2e0, 0x00000194a0d6c678]
Event: 1.703 Thread 0x00000194b7f765b0 2409       3       jdk.internal.org.objectweb.asm.SymbolTable::addConstant (330 bytes)
Event: 1.705 Thread 0x00000194b7f765b0 nmethod 2409 0x00000194a0d6c790 code [0x00000194a0d6cd00, 0x00000194a0d6fe18]
Event: 1.705 Thread 0x00000194b7f765b0 2410       3       org.apache.logging.log4j.core.lookup.StrMatcher$StringMatcher::isMatch (62 bytes)
Event: 1.705 Thread 0x00000194b7f765b0 nmethod 2410 0x00000194a0d70790 code [0x00000194a0d70960, 0x00000194a0d70c38]
Event: 1.707 Thread 0x00000194b7f765b0 2411       1       sun.reflect.generics.repository.AbstractRepository::getFactory (5 bytes)
Event: 1.707 Thread 0x00000194b7f765b0 nmethod 2411 0x00000194a84bfc90 code [0x00000194a84bfe20, 0x00000194a84bfef0]

GC Heap History (4 events):
Event: 0.737 GC heap before
{Heap before GC invocations=0 (full 0):
 garbage-first heap   total 251904K, used 22528K [0x000000070a000000, 0x0000000800000000)
  region size 2048K, 11 young (22528K), 0 survivors (0K)
 Metaspace       used 5151K, committed 5248K, reserved 1114112K
  class space    used 597K, committed 640K, reserved 1048576K
}
Event: 0.742 GC heap after
{Heap after GC invocations=1 (full 0):
 garbage-first heap   total 251904K, used 6086K [0x000000070a000000, 0x0000000800000000)
  region size 2048K, 2 young (4096K), 2 survivors (4096K)
 Metaspace       used 5151K, committed 5248K, reserved 1114112K
  class space    used 597K, committed 640K, reserved 1048576K
}
Event: 1.579 GC heap before
{Heap before GC invocations=1 (full 0):
 garbage-first heap   total 251904K, used 36806K [0x000000070a000000, 0x0000000800000000)
  region size 2048K, 17 young (34816K), 2 survivors (4096K)
 Metaspace       used 13634K, committed 13888K, reserved 1114112K
  class space    used 1645K, committed 1728K, reserved 1048576K
}
Event: 1.586 GC heap after
{Heap after GC invocations=2 (full 0):
 garbage-first heap   total 251904K, used 9394K [0x000000070a000000, 0x0000000800000000)
  region size 2048K, 2 young (4096K), 2 survivors (4096K)
 Metaspace       used 13634K, committed 13888K, reserved 1114112K
  class space    used 1645K, committed 1728K, reserved 1048576K
}

Dll operation events (12 events):
Event: 0.008 Loaded shared library C:\Program Files\Java\jdk-21\bin\java.dll
Event: 0.047 Loaded shared library C:\Program Files\Java\jdk-21\bin\jsvml.dll
Event: 0.166 Loaded shared library C:\Program Files\Java\jdk-21\bin\zip.dll
Event: 0.171 Loaded shared library C:\Program Files\Java\jdk-21\bin\instrument.dll
Event: 0.177 Loaded shared library C:\Program Files\Java\jdk-21\bin\net.dll
Event: 0.180 Loaded shared library C:\Program Files\Java\jdk-21\bin\nio.dll
Event: 0.184 Loaded shared library C:\Program Files\Java\jdk-21\bin\zip.dll
Event: 0.314 Loaded shared library C:\Users\poesh\AppData\Local\Programs\IntelliJ IDEA Community Edition\bin\breakgen64.dll
Event: 0.327 Loaded shared library C:\Program Files\Java\jdk-21\bin\extnet.dll
Event: 0.370 Loaded shared library C:\Program Files\Java\jdk-21\bin\jimage.dll
Event: 0.651 Loaded shared library C:\Program Files\Java\jdk-21\bin\management.dll
Event: 0.656 Loaded shared library C:\Program Files\Java\jdk-21\bin\management_ext.dll

Deoptimization events (20 events):
Event: 1.546 Thread 0x00000194b7f64030 Uncommon trap: trap_request=0xffffff45 fr.pc=0x00000194a844be8c relative=0x00000000000003ac
Event: 1.546 Thread 0x00000194b7f64030 Uncommon trap: reason=unstable_if action=reinterpret pc=0x00000194a844be8c method=java.util.regex.Pattern$BmpCharPropertyGreedy.match(Ljava/util/regex/Matcher;ILjava/lang/CharSequence;)Z @ 73 c2
Event: 1.546 Thread 0x00000194b7f64030 DEOPT PACKING pc=0x00000194a844be8c sp=0x0000001d882fd780
Event: 1.546 Thread 0x00000194b7f64030 DEOPT UNPACKING pc=0x00000194a7e946a2 sp=0x0000001d882fd740 mode 2
Event: 1.586 Thread 0x00000194b7f64030 Uncommon trap: trap_request=0xffffff45 fr.pc=0x00000194a847ade4 relative=0x00000000000001a4
Event: 1.586 Thread 0x00000194b7f64030 Uncommon trap: reason=unstable_if action=reinterpret pc=0x00000194a847ade4 method=java.util.concurrent.ConcurrentHashMap.get(Ljava/lang/Object;)Ljava/lang/Object; @ 152 c2
Event: 1.586 Thread 0x00000194b7f64030 DEOPT PACKING pc=0x00000194a847ade4 sp=0x0000001d882fc4c0
Event: 1.586 Thread 0x00000194b7f64030 DEOPT UNPACKING pc=0x00000194a7e946a2 sp=0x0000001d882fc428 mode 2
Event: 1.587 Thread 0x00000194b7f62c80 Uncommon trap: trap_request=0xffffff45 fr.pc=0x00000194a84aab44 relative=0x00000000000000a4
Event: 1.587 Thread 0x00000194b7f62c80 Uncommon trap: reason=unstable_if action=reinterpret pc=0x00000194a84aab44 method=java.lang.ref.ReferenceQueue.poll()Ljava/lang/ref/Reference; @ 4 c2
Event: 1.587 Thread 0x00000194b7f62c80 DEOPT PACKING pc=0x00000194a84aab44 sp=0x0000001d878feff0
Event: 1.587 Thread 0x00000194b7f62c80 DEOPT UNPACKING pc=0x00000194a7e946a2 sp=0x0000001d878feed8 mode 2
Event: 1.602 Thread 0x00000194b7f64030 Uncommon trap: trap_request=0xffffff45 fr.pc=0x00000194a8487dd8 relative=0x0000000000000218
Event: 1.602 Thread 0x00000194b7f64030 Uncommon trap: reason=unstable_if action=reinterpret pc=0x00000194a8487dd8 method=java.lang.String.startsWith(Ljava/lang/String;I)Z @ 1 c2
Event: 1.602 Thread 0x00000194b7f64030 DEOPT PACKING pc=0x00000194a8487dd8 sp=0x0000001d882fe490
Event: 1.602 Thread 0x00000194b7f64030 DEOPT UNPACKING pc=0x00000194a7e946a2 sp=0x0000001d882fe420 mode 2
Event: 1.675 Thread 0x00000194b7f64030 Uncommon trap: trap_request=0xffffff45 fr.pc=0x00000194a84b8cb4 relative=0x0000000000000174
Event: 1.675 Thread 0x00000194b7f64030 Uncommon trap: reason=unstable_if action=reinterpret pc=0x00000194a84b8cb4 method=java.net.URI.match(CJJ)Z @ 45 c2
Event: 1.675 Thread 0x00000194b7f64030 DEOPT PACKING pc=0x00000194a84b8cb4 sp=0x0000001d882fdc80
Event: 1.675 Thread 0x00000194b7f64030 DEOPT UNPACKING pc=0x00000194a7e946a2 sp=0x0000001d882fdb70 mode 2

Classes loaded (20 events):
Event: 1.688 Loading class java/util/concurrent/LinkedBlockingQueue$Node
Event: 1.688 Loading class java/util/concurrent/LinkedBlockingQueue$Node done
Event: 1.689 Loading class java/util/concurrent/LinkedBlockingQueue$Itr
Event: 1.689 Loading class java/util/concurrent/LinkedBlockingQueue$Itr done
Event: 1.689 Loading class com/sun/org/apache/xerces/internal/dom/DeferredTextImpl
Event: 1.690 Loading class com/sun/org/apache/xerces/internal/dom/TextImpl
Event: 1.690 Loading class org/w3c/dom/CharacterData
Event: 1.690 Loading class org/w3c/dom/CharacterData done
Event: 1.690 Loading class org/w3c/dom/Text
Event: 1.690 Loading class org/w3c/dom/Text done
Event: 1.690 Loading class com/sun/org/apache/xerces/internal/dom/CharacterDataImpl
Event: 1.690 Loading class com/sun/org/apache/xerces/internal/dom/CharacterDataImpl done
Event: 1.690 Loading class com/sun/org/apache/xerces/internal/dom/TextImpl done
Event: 1.690 Loading class com/sun/org/apache/xerces/internal/dom/DeferredTextImpl done
Event: 1.690 Loading class com/sun/org/apache/xerces/internal/dom/CharacterDataImpl$1
Event: 1.690 Loading class com/sun/org/apache/xerces/internal/dom/CharacterDataImpl$1 done
Event: 1.706 Loading class java/util/UnknownFormatConversionException
Event: 1.706 Loading class java/util/IllegalFormatException
Event: 1.706 Loading class java/util/IllegalFormatException done
Event: 1.706 Loading class java/util/UnknownFormatConversionException done

Classes unloaded (0 events):
No events

Classes redefined (0 events):
No events

Internal exceptions (20 events):
Event: 1.351 Thread 0x00000194b7f64030 Implicit null exception at 0x00000194a845cded to 0x00000194a845d6d0
Event: 1.417 Thread 0x00000194b7f64030 Exception <a 'java/lang/NoSuchMethodError'{0x00000007178ce118}: 'java.lang.Object java.lang.invoke.DirectMethodHandle$Holder.newInvokeSpecial(java.lang.Object, java.lang.Object, java.lang.Object, java.lang.Object, java.lang.Object, java.lang.Object, java.lang.Object)'> (0x00000007178ce118) 
thrown [s\open\src\hotspot\share\interpreter\linkResolver.cpp, line 773]
Event: 1.418 Thread 0x00000194b7f64030 Implicit null exception at 0x00000194a846bdbd to 0x00000194a846c024
Event: 1.420 Thread 0x00000194b7f64030 Exception <a 'java/lang/NoSuchMethodError'{0x00000007178e6928}: 'void java.lang.invoke.DirectMethodHandle$Holder.invokeStaticInit(java.lang.Object, java.lang.Object)'> (0x00000007178e6928) 
thrown [s\open\src\hotspot\share\interpreter\linkResolver.cpp, line 773]
Event: 1.425 Thread 0x00000194b7f64030 Exception <a 'java/lang/NoSuchMethodError'{0x000000071792d1e0}: 'int java.lang.invoke.DirectMethodHandle$Holder.invokeStatic(java.lang.Object, java.lang.Object, java.lang.Object, java.lang.Object)'> (0x000000071792d1e0) 
thrown [s\open\src\hotspot\share\interpreter\linkResolver.cpp, line 773]
Event: 1.436 Thread 0x00000194b7f64030 Exception <a 'java/lang/NoSuchMethodError'{0x0000000717987158}: 'java.lang.Object java.lang.invoke.DirectMethodHandle$Holder.invokeSpecial(java.lang.Object, java.lang.Object, java.lang.Object, java.lang.Object, java.lang.Object, java.lang.Object, int)'> (0x0000000717987158) 
thrown [s\open\src\hotspot\share\interpreter\linkResolver.cpp, line 773]
Event: 1.437 Thread 0x00000194b7f64030 Exception <a 'java/lang/NoSuchMethodError'{0x0000000717990660}: 'java.lang.Object java.lang.invoke.DirectMethodHandle$Holder.newInvokeSpecial(java.lang.Object, java.lang.Object, java.lang.Object, java.lang.Object, java.lang.Object, java.lang.Object, int)'> (0x0000000717990660) 
thrown [s\open\src\hotspot\share\interpreter\linkResolver.cpp, line 773]
Event: 1.438 Thread 0x00000194b7f64030 Exception <a 'java/lang/NoSuchMethodError'{0x0000000717994c10}: 'java.lang.Object java.lang.invoke.DirectMethodHandle$Holder.invokeSpecial(java.lang.Object, java.lang.Object, java.lang.Object, java.lang.Object, java.lang.Object, java.lang.Object, java.lang.Object, int)'> (0x0000000717994c10) 
thrown [s\open\src\hotspot\share\interpreter\linkResolver.cpp, line 773]
Event: 1.489 Thread 0x00000194b7f64030 Exception <a 'java/lang/NoSuchMethodError'{0x000000071773b458}: 'void java.lang.invoke.DirectMethodHandle$Holder.invokeSpecial(java.lang.Object, java.lang.Object, java.lang.Object, java.lang.Object, java.lang.Object)'> (0x000000071773b458) 
thrown [s\open\src\hotspot\share\interpreter\linkResolver.cpp, line 773]
Event: 1.514 Thread 0x00000194b7f64030 Implicit null exception at 0x00000194a8446dc2 to 0x00000194a844702c
Event: 1.563 Thread 0x00000194b7f64030 Exception <a 'java/lang/NoSuchMethodError'{0x000000071757f218}: 'void java.lang.invoke.DirectMethodHandle$Holder.invokeSpecial(java.lang.Object, java.lang.Object, java.lang.Object, java.lang.Object, java.lang.Object, java.lang.Object)'> (0x000000071757f218) 
thrown [s\open\src\hotspot\share\interpreter\linkResolver.cpp, line 773]
Event: 1.593 Thread 0x00000194b7f64030 Exception <a 'java/lang/NoSuchMethodError'{0x000000071949ecf8}: 'java.lang.Object java.lang.invoke.DirectMethodHandle$Holder.invokeSpecial(java.lang.Object, java.lang.Object, java.lang.Object, int, java.lang.Object)'> (0x000000071949ecf8) 
thrown [s\open\src\hotspot\share\interpreter\linkResolver.cpp, line 773]
Event: 1.595 Thread 0x00000194b7f64030 Exception <a 'java/lang/NoSuchMethodError'{0x00000007194b0718}: 'java.lang.Object java.lang.invoke.DirectMethodHandle$Holder.newInvokeSpecial(java.lang.Object, int, java.lang.Object)'> (0x00000007194b0718) 
thrown [s\open\src\hotspot\share\interpreter\linkResolver.cpp, line 773]
Event: 1.596 Thread 0x00000194b7f64030 Exception <a 'java/lang/NoSuchMethodError'{0x00000007194e73a0}: 'int java.lang.invoke.DirectMethodHandle$Holder.invokeSpecialIFC(java.lang.Object, java.lang.Object, java.lang.Object, java.lang.Object)'> (0x00000007194e73a0) 
thrown [s\open\src\hotspot\share\interpreter\linkResolver.cpp, line 773]
Event: 1.612 Thread 0x00000194b7f64030 Exception <a 'java/lang/NoSuchMethodError'{0x000000071959ccf0}: 'void java.lang.invoke.DirectMethodHandle$Holder.invokeInterface(java.lang.Object, java.lang.Object, java.lang.Object)'> (0x000000071959ccf0) 
thrown [s\open\src\hotspot\share\interpreter\linkResolver.cpp, line 773]
Event: 1.635 Thread 0x00000194b7f64030 Exception <a 'java/lang/NoSuchMethodError'{0x000000071925a8d0}: 'void java.lang.invoke.DirectMethodHandle$Holder.invokeStaticInit(java.lang.Object, java.lang.Object, java.lang.Object)'> (0x000000071925a8d0) 
thrown [s\open\src\hotspot\share\interpreter\linkResolver.cpp, line 773]
Event: 1.637 Thread 0x00000194b7f64030 Exception <a 'java/lang/NoSuchMethodError'{0x000000071926db10}: 'java.lang.Object java.lang.invoke.DirectMethodHandle$Holder.invokeVirtual(java.lang.Object, java.lang.Object, java.lang.Object)'> (0x000000071926db10) 
thrown [s\open\src\hotspot\share\interpreter\linkResolver.cpp, line 773]
Event: 1.641 Thread 0x00000194b7f64030 Exception <a 'java/lang/NoSuchMethodError'{0x000000071928d050}: 'java.lang.Object java.lang.invoke.DirectMethodHandle$Holder.invokeStatic(java.lang.Object, long, java.lang.Object)'> (0x000000071928d050) 
thrown [s\open\src\hotspot\share\interpreter\linkResolver.cpp, line 773]
Event: 1.641 Thread 0x00000194b7f64030 Exception <a 'java/lang/NoSuchMethodError'{0x00000007192906a8}: 'java.lang.Object java.lang.invoke.DirectMethodHandle$Holder.invokeStaticInit(java.lang.Object, long, java.lang.Object)'> (0x00000007192906a8) 
thrown [s\open\src\hotspot\share\interpreter\linkResolver.cpp, line 773]
Event: 1.641 Thread 0x00000194b7f64030 Exception <a 'java/lang/NoSuchMethodError'{0x0000000719295e10}: 'java.lang.Object java.lang.invoke.DirectMethodHandle$Holder.newInvokeSpecial(java.lang.Object, long)'> (0x0000000719295e10) 
thrown [s\open\src\hotspot\share\interpreter\linkResolver.cpp, line 773]

ZGC Phase Switch (0 events):
No events

VM Operations (20 events):
Event: 0.396 Executing VM operation: HandshakeAllThreads (Deoptimize)
Event: 0.396 Executing VM operation: HandshakeAllThreads (Deoptimize) done
Event: 0.403 Executing VM operation: HandshakeAllThreads (Deoptimize)
Event: 0.403 Executing VM operation: HandshakeAllThreads (Deoptimize) done
Event: 0.467 Executing VM operation: HandshakeAllThreads (Deoptimize)
Event: 0.467 Executing VM operation: HandshakeAllThreads (Deoptimize) done
Event: 0.641 Executing VM operation: HandshakeAllThreads (Deoptimize)
Event: 0.641 Executing VM operation: HandshakeAllThreads (Deoptimize) done
Event: 0.716 Executing VM operation: HandshakeAllThreads (Deoptimize)
Event: 0.716 Executing VM operation: HandshakeAllThreads (Deoptimize) done
Event: 0.737 Executing VM operation: G1CollectForAllocation (G1 Evacuation Pause)
Event: 0.742 Executing VM operation: G1CollectForAllocation (G1 Evacuation Pause) done
Event: 1.222 Executing VM operation: ICBufferFull
Event: 1.222 Executing VM operation: ICBufferFull done
Event: 1.508 Executing VM operation: HandshakeAllThreads (Deoptimize)
Event: 1.508 Executing VM operation: HandshakeAllThreads (Deoptimize) done
Event: 1.561 Executing VM operation: HandshakeAllThreads (Deoptimize)
Event: 1.561 Executing VM operation: HandshakeAllThreads (Deoptimize) done
Event: 1.579 Executing VM operation: G1CollectForAllocation (G1 Evacuation Pause)
Event: 1.586 Executing VM operation: G1CollectForAllocation (G1 Evacuation Pause) done

Events (15 events):
Event: 0.026 Thread 0x0000019496b40fe0 Thread added: 0x0000019496b40fe0
Event: 0.045 Thread 0x00000194b7f5be10 Thread added: 0x00000194b7f5be10
Event: 0.045 Thread 0x00000194b7f5db40 Thread added: 0x00000194b7f5db40
Event: 0.046 Thread 0x00000194b7f5fd30 Thread added: 0x00000194b7f5fd30
Event: 0.046 Thread 0x00000194b7f60a10 Thread added: 0x00000194b7f60a10
Event: 0.046 Thread 0x00000194b7f646c0 Thread added: 0x00000194b7f646c0
Event: 0.046 Thread 0x00000194b7f63310 Thread added: 0x00000194b7f63310
Event: 0.046 Thread 0x00000194b7f725f0 Thread added: 0x00000194b7f725f0
Event: 0.046 Thread 0x00000194b7f765b0 Thread added: 0x00000194b7f765b0
Event: 0.144 Thread 0x00000194b7f62c80 Thread added: 0x00000194b7f62c80
Event: 0.213 Thread 0x00000194fd491820 Thread added: 0x00000194fd491820
Event: 0.314 Thread 0x00000194b7f64d50 Thread added: 0x00000194b7f64d50
Event: 0.314 Thread 0x00000194b7f618d0 Thread added: 0x00000194b7f618d0
Event: 1.218 Thread 0x00000194b7f639a0 Thread added: 0x00000194b7f639a0
Event: 1.221 Thread 0x00000194b7f64030 Thread added: 0x00000194b7f64030


Dynamic libraries:
0x00007ff6e5c70000 - 0x00007ff6e5c80000 	C:\Program Files\Java\jdk-21\bin\java.exe
0x00007ff919670000 - 0x00007ff919868000 	C:\Windows\SYSTEM32\ntdll.dll
0x00007ff919470000 - 0x00007ff91952d000 	C:\Windows\System32\KERNEL32.DLL
0x00007ff9173a0000 - 0x00007ff917696000 	C:\Windows\System32\KERNELBASE.dll
0x00007ff917270000 - 0x00007ff917370000 	C:\Windows\System32\ucrtbase.dll
0x00007ff8de4a0000 - 0x00007ff8de4bb000 	C:\Program Files\Java\jdk-21\bin\VCRUNTIME140.dll
0x00007ff8de080000 - 0x00007ff8de099000 	C:\Program Files\Java\jdk-21\bin\jli.dll
0x00007ff9193c0000 - 0x00007ff919470000 	C:\Windows\System32\ADVAPI32.dll
0x00007ff9188b0000 - 0x00007ff91894e000 	C:\Windows\System32\msvcrt.dll
0x00007ff919320000 - 0x00007ff9193c0000 	C:\Windows\System32\sechost.dll
0x00007ff918220000 - 0x00007ff918343000 	C:\Windows\System32\RPCRT4.dll
0x00007ff916dc0000 - 0x00007ff916de7000 	C:\Windows\System32\bcrypt.dll
0x00007ff9178a0000 - 0x00007ff917a3f000 	C:\Windows\System32\USER32.dll
0x00007ff917370000 - 0x00007ff917392000 	C:\Windows\System32\win32u.dll
0x00007ff919270000 - 0x00007ff91929b000 	C:\Windows\System32\GDI32.dll
0x00007ff8fa3c0000 - 0x00007ff8fa65a000 	C:\Windows\WinSxS\amd64_microsoft.windows.common-controls_6595b64144ccf1df_6.0.19041.3636_none_60b6a03d71f818d5\COMCTL32.dll
0x00007ff9170a0000 - 0x00007ff9171b7000 	C:\Windows\System32\gdi32full.dll
0x00007ff916d20000 - 0x00007ff916dbd000 	C:\Windows\System32\msvcp_win.dll
0x00007ff90a670000 - 0x00007ff90a67a000 	C:\Windows\SYSTEM32\VERSION.dll
0x00007ff918870000 - 0x00007ff9188a2000 	C:\Windows\System32\IMM32.DLL
0x00007ff8f4b30000 - 0x00007ff8f4b3c000 	C:\Program Files\Java\jdk-21\bin\vcruntime140_1.dll
0x00007ff8ceb60000 - 0x00007ff8cebee000 	C:\Program Files\Java\jdk-21\bin\msvcp140.dll
0x00007ff899f30000 - 0x00007ff89ac43000 	C:\Program Files\Java\jdk-21\bin\server\jvm.dll
0x00007ff918cb0000 - 0x00007ff918d1b000 	C:\Windows\System32\WS2_32.dll
0x00007ff916530000 - 0x00007ff91657b000 	C:\Windows\SYSTEM32\POWRPROF.dll
0x00007ff913d50000 - 0x00007ff913d77000 	C:\Windows\SYSTEM32\WINMM.dll
0x00007ff9164d0000 - 0x00007ff9164e2000 	C:\Windows\SYSTEM32\UMPDC.dll
0x00007ff915550000 - 0x00007ff915562000 	C:\Windows\SYSTEM32\kernel.appcore.dll
0x00007ff8f4450000 - 0x00007ff8f445a000 	C:\Program Files\Java\jdk-21\bin\jimage.dll
0x00007ff9145c0000 - 0x00007ff9147a4000 	C:\Windows\SYSTEM32\DBGHELP.DLL
0x00007ff908c20000 - 0x00007ff908c54000 	C:\Windows\SYSTEM32\dbgcore.DLL
0x00007ff916e60000 - 0x00007ff916ee2000 	C:\Windows\System32\bcryptPrimitives.dll
0x00007ff8f4e30000 - 0x00007ff8f4e3f000 	C:\Program Files\Java\jdk-21\bin\instrument.dll
0x00007ff8ddd10000 - 0x00007ff8ddd2f000 	C:\Program Files\Java\jdk-21\bin\java.dll
0x00007ff917a40000 - 0x00007ff9181ab000 	C:\Windows\System32\SHELL32.dll
0x00007ff914d50000 - 0x00007ff9154ee000 	C:\Windows\SYSTEM32\windows.storage.dll
0x00007ff918950000 - 0x00007ff918ca3000 	C:\Windows\System32\combase.dll
0x00007ff916750000 - 0x00007ff91677e000 	C:\Windows\SYSTEM32\Wldp.dll
0x00007ff919540000 - 0x00007ff91960d000 	C:\Windows\System32\OLEAUT32.dll
0x00007ff918710000 - 0x00007ff9187bd000 	C:\Windows\System32\SHCORE.dll
0x00007ff917700000 - 0x00007ff917755000 	C:\Windows\System32\shlwapi.dll
0x00007ff916c50000 - 0x00007ff916c73000 	C:\Windows\SYSTEM32\profapi.dll
0x00007ff8c7870000 - 0x00007ff8c7947000 	C:\Program Files\Java\jdk-21\bin\jsvml.dll
0x00007ff8cc960000 - 0x00007ff8cc978000 	C:\Program Files\Java\jdk-21\bin\zip.dll
0x00007ff8f42b0000 - 0x00007ff8f42c0000 	C:\Program Files\Java\jdk-21\bin\net.dll
0x00007ff90d880000 - 0x00007ff90d98a000 	C:\Windows\SYSTEM32\WINHTTP.dll
0x00007ff916440000 - 0x00007ff9164aa000 	C:\Windows\system32\mswsock.dll
0x00007ff8ddc90000 - 0x00007ff8ddca6000 	C:\Program Files\Java\jdk-21\bin\nio.dll
0x00007ff8f4c40000 - 0x00007ff8f4c5a000 	C:\Users\poesh\AppData\Local\Programs\IntelliJ IDEA Community Edition\bin\breakgen64.dll
0x00007ff8f4170000 - 0x00007ff8f4177000 	C:\Program Files\Java\jdk-21\bin\extnet.dll
0x00007ff910bd0000 - 0x00007ff910bda000 	C:\Program Files\Java\jdk-21\bin\management.dll
0x00007ff8f4e40000 - 0x00007ff8f4e4b000 	C:\Program Files\Java\jdk-21\bin\management_ext.dll
0x00007ff919530000 - 0x00007ff919538000 	C:\Windows\System32\PSAPI.DLL
0x00007ff8f3900000 - 0x00007ff8f3917000 	C:\Windows\system32\napinsp.dll
0x00007ff8f38e0000 - 0x00007ff8f38fb000 	C:\Windows\system32\pnrpnsp.dll
0x00007ff9112c0000 - 0x00007ff9112d5000 	C:\Windows\system32\wshbth.dll
0x00007ff90fcd0000 - 0x00007ff90fced000 	C:\Windows\system32\NLAapi.dll
0x00007ff916120000 - 0x00007ff91615b000 	C:\Windows\SYSTEM32\IPHLPAPI.DLL
0x00007ff916160000 - 0x00007ff91622b000 	C:\Windows\SYSTEM32\DNSAPI.dll
0x00007ff918210000 - 0x00007ff918218000 	C:\Windows\System32\NSI.dll
0x00007ff8f38c0000 - 0x00007ff8f38d2000 	C:\Windows\System32\winrnr.dll
0x00007ff90f440000 - 0x00007ff90f44a000 	C:\Windows\System32\rasadhlp.dll
0x00007ff90c1f0000 - 0x00007ff90c270000 	C:\Windows\System32\fwpuclnt.dll

dbghelp: loaded successfully - version: 4.0.5 - missing functions: none
symbol engine: initialized successfully - sym options: 0x614 - pdb path: .;C:\Program Files\Java\jdk-21\bin;C:\Windows\SYSTEM32;C:\Windows\WinSxS\amd64_microsoft.windows.common-controls_6595b64144ccf1df_6.0.19041.3636_none_60b6a03d71f818d5;C:\Program Files\Java\jdk-21\bin\server;C:\Users\poesh\AppData\Local\Programs\IntelliJ IDEA Community Edition\bin

VM Arguments:
jvm_args: -javaagent:C:\Users\poesh\AppData\Local\Programs\IntelliJ IDEA Community Edition\lib\idea_rt.jar=7451:C:\Users\poesh\AppData\Local\Programs\IntelliJ IDEA Community Edition\bin -Dfile.encoding=UTF-8 -Dsun.stdout.encoding=UTF-8 -Dsun.stderr.encoding=UTF-8 
java_command: edu.java.bot.BotApplication
java_class_path (initial): C:\Users\poesh\IdeaProjects\Tinkoff_Java_\bot\target\classes;C:\Users\poesh\.m2\repository\org\springframework\boot\spring-boot-starter-web\3.2.2\spring-boot-starter-web-3.2.2.jar;C:\Users\poesh\.m2\repository\org\springframework\boot\spring-boot-starter\3.2.2\spring-boot-starter-3.2.2.jar;C:\Users\poesh\.m2\repository\jakarta\annotation\jakarta.annotation-api\2.1.1\jakarta.annotation-api-2.1.1.jar;C:\Users\poesh\.m2\repository\org\springframework\boot\spring-boot-starter-json\3.2.2\spring-boot-starter-json-3.2.2.jar;C:\Users\poesh\.m2\repository\com\fasterxml\jackson\core\jackson-databind\2.15.3\jackson-databind-2.15.3.jar;C:\Users\poesh\.m2\repository\com\fasterxml\jackson\core\jackson-annotations\2.15.3\jackson-annotations-2.15.3.jar;C:\Users\poesh\.m2\repository\com\fasterxml\jackson\core\jackson-core\2.15.3\jackson-core-2.15.3.jar;C:\Users\poesh\.m2\repository\com\fasterxml\jackson\datatype\jackson-datatype-jdk8\2.15.3\jackson-datatype-jdk8-2.15.3.jar;C:\Users\poesh\.m2\repository\com\fasterxml\jackson\datatype\jackson-datatype-jsr310\2.15.3\jackson-datatype-jsr310-2.15.3.jar;C:\Users\poesh\.m2\repository\com\fasterxml\jackson\module\jackson-module-parameter-names\2.15.3\jackson-module-parameter-names-2.15.3.jar;C:\Users\poesh\.m2\repository\org\springframework\boot\spring-boot-starter-tomcat\3.2.2\spring-boot-starter-tomcat-3.2.2.jar;C:\Users\poesh\.m2\repository\org\apache\tomcat\embed\tomcat-embed-core\10.1.18\tomcat-embed-core-10.1.18.jar;C:\Users\poesh\.m2\repository\org\apache\tomcat\embed\tomcat-embed-websocket\10.1.18\tomcat-embed-websocket-10.1.18.jar;C:\Users\poesh\.m2\repository\org\springframework\spring-web\6.1.3\spring-web-6.1.3.jar;C:\Users\poesh\.m2\repository\org\springframework\spring-beans\6.1.3\spring-beans-6.1.3.jar;C:\Users\poesh\.m2\repository\org\springframework\spring-webmvc\6.1.3\spring-webmvc-6.1.3.jar;C:\Users\poesh\.m2\repository\org\springframework\spring-aop\6.1.3\spring-aop-6.1.3.jar;C:\Users\poesh\.m2\repository\org\springframework\spring-expression\6.1.3\spring-expression-6.1.3.jar;C:\Users\poesh\.m2\repository\org\springframework\boot\spring-boot-starter-log4j2\3.2.2\spring-boot-starter-log4j2-3.2.2.jar;C:\Users\poesh\.m2\repository\org\apache\logging\log4j\log4j-slf4j2-impl\2.21.1\log4j-slf4j2-impl-2.21.1.jar;C:\Users\poesh\.m2\repository\org\apache\logging\log4j\log4j-api\2.21.1\log4j-api-2.21.1.jar;C:\Users\poesh\.m2\repository\org\apache\logging\log4j\log4j-core\2.21.1\log4j-core-2.21.1.jar;C:\Users\poesh\.m2\repository\org\apache\logging\log4j\log4j-jul\2.21.1\log4j-jul-2.21.1.jar;C:\Users\poesh\.m2\repository\org\springframework\boot\spring-boot-starter-validation\3.2.2\spring-boot-starter-validation-3.2.2.jar;C:\Users\poesh\.m2\repository\org\apache\tomcat\embed\tomcat-embed-el\10.1.18\tomcat-embed-el-10.1.18.jar;C:\Users\poesh\.m2\repository\org\hibernate\validator\hibernate-validator\8.0.1.Final\hibernate-validator-8.0.1.Final.jar;C:\Users\poesh\.m2\repository\jakarta\validation\jakarta.validation-api\3.0.2\jakarta.validation-api-3.0.2.jar;C:\Users\poesh\.m2\repository\org\jboss\logging\jboss-logging\3.5.3.Final\jboss-logging-3.5.3.Final.jar;C:\Users\poesh\.m2\repository\com\fasterxml\classmate\1.6.0\classmate-1.6.0.jar;C:\Users\poesh\.m2\repository\org\springframework\boot\spring-boot-starter-webflux\3.2.2\spring-boot-starter-webflux-3.2.2.jar;C:\Users\poesh\.m2\repository\org\springframework\boot\spring-boot-starter-reactor-netty\3.2.2\spring-boot-starter-reactor-netty-3.2.2.jar;C:\Users\poesh\.m2\repository\io\projectreactor\netty\reactor-netty-http\1.1.15\reactor-netty-http-1.1.15.jar;C:\Users\poesh\.m2\repository\io\netty\netty-codec-http\4.1.105.Final\netty-codec-http-4.1.105.Final.jar;C:\Users\poesh\.m2\repository\io\netty\netty-codec-http2\4.1.105.Final\netty-codec-http2-4.1.105.Final.jar;C:\Users\poesh\.m2\repository\io\netty\netty-resolver-dns\4.1.105.Final\netty-resolver-dns-4.1.105.Final.jar;C:\Users\poesh\.m2\repository\io\netty\netty-codec-dns\4.1.105.Final\netty-codec-dns-4.1.105.Final.jar;C:\Users\poesh\.m2\repository\io\netty\netty-resolver-dns-native-macos\4.1.105.Final\netty-resolver-dns-native-macos-4.1.105.Final-osx-x86_64.jar;C:\Users\poesh\.m2\repository\io\netty\netty-resolver-dns-classes-macos\4.1.105.Final\netty-resolver-dns-classes-macos-4.1.105.Final.jar;C:\Users\poesh\.m2\repository\io\netty\netty-transport-native-epoll\4.1.105.Final\netty-transport-native-epoll-4.1.105.Final-linux-x86_64.jar;C:\Users\poesh\.m2\repository\io\projectreactor\netty\reactor-netty-core\1.1.15\reactor-netty-core-1.1.15.jar;C:\Users\poesh\.m2\repository\io\netty\netty-handler-proxy\4.1.105.Final\netty-handler-proxy-4.1.105.Final.jar;C:\Users\poesh\.m2\repository\io\netty\netty-codec-socks\4.1.105.Final\netty-codec-socks-4.1.105.Final.jar;C:\Users\poesh\.m2\repository\org\springframework\spring-webflux\6.1.3\spring-webflux-6.1.3.jar;C:\Users\poesh\.m2\repository\org\springframework\kafka\spring-kafka\3.1.1\spring-kafka-3.1.1.jar;C:\Users\poesh\.m2\repository\org\springframework\spring-context\6.1.3\spring-context-6.1.3.jar;C:\Users\poesh\.m2\repository\org\springframework\spring-messaging\6.1.3\spring-messaging-6.1.3.jar;C:\Users\poesh\.m2\repository\org\springframework\spring-tx\6.1.3\spring-tx-6.1.3.jar;C:\Users\poesh\.m2\repository\org\springframework\retry\spring-retry\2.0.5\spring-retry-2.0.5.jar;C:\Users\poesh\.m2\repository\org\apache\kafka\kafka-clients\3.6.1\kafka-clients-3.6.1.jar;C:\Users\poesh\.m2\repository\com\github\luben\zstd-jni\1.5.5-1\zstd-jni-1.5.5-1.jar;C:\Users\poesh\.m2\repository\org\lz4\lz4-java\1.8.0\lz4-java-1.8.0.jar;C:\Users\poesh\.m2\repository\org\xerial\snappy\snappy-java\1.1.10.5\snappy-java-1.1.10.5.jar;C:\Users\poesh\.m2\repository\io\micrometer\micrometer-observation\1.12.2\micrometer-observation-1.12.2.jar;C:\Users\poesh\.m2\repository\io\micrometer\micrometer-commons\1.12.2\micrometer-commons-1.12.2.jar;C:\Users\poesh\.m2\repository\com\google\code\findbugs\jsr305\3.0.2\jsr305-3.0.2.jar;C:\Users\poesh\.m2\repository\com\github\pengrad\java-telegram-bot-api\7.0.1\java-telegram-bot-api-7.0.1.jar;C:\Users\poesh\.m2\repository\com\google\code\gson\gson\2.10.1\gson-2.10.1.jar;C:\Users\poesh\.m2\repository\com\squareup\okhttp3\okhttp\4.12.0\okhttp-4.12.0.jar;C:\Users\poesh\.m2\repository\com\squareup\okio\okio\3.6.0\okio-3.6.0.jar;C:\Users\poesh\.m2\repository\com\squareup\okio\okio-jvm\3.6.0\okio-jvm-3.6.0.jar;C:\Users\poesh\.m2\repository\org\jetbrains\kotlin\kotlin-stdlib-common\1.9.22\kotlin-stdlib-common-1.9.22.jar;C:\Users\poesh\.m2\repository\org\jetbrains\kotlin\kotlin-stdlib-jdk8\1.9.22\kotlin-stdlib-jdk8-1.9.22.jar;C:\Users\poesh\.m2\repository\org\jetbrains\kotlin\kotlin-stdlib\1.9.22\kotlin-stdlib-1.9.22.jar;C:\Users\poesh\.m2\repository\org\jetbrains\kotlin\kotlin-stdlib-jdk7\1.9.22\kotlin-stdlib-jdk7-1.9.22.jar;C:\Users\poesh\.m2\repository\com\squareup\okhttp3\logging-interceptor\4.12.0\logging-interceptor-4.12.0.jar;C:\Users\poesh\.m2\repository\org\springframework\boot\spring-boot-devtools\3.2.2\spring-boot-devtools-3.2.2.jar;C:\Users\poesh\.m2\repository\org\springframework\boot\spring-boot\3.2.2\spring-boot-3.2.2.jar;C:\Users\poesh\.m2\repository\org\springframework\boot\spring-boot-autoconfigure\3.2.2\spring-boot-autoconfigure-3.2.2.jar;C:\Users\poesh\.m2\repository\org\springframework\boot\spring-boot-configuration-processor\3.2.2\spring-boot-configuration-processor-3.2.2.jar;C:\Users\poesh\.m2\repository\org\projectlombok\lombok\1.18.30\lombok-1.18.30.jar;C:\Users\poesh\.m2\repository\org\springframework\boot\spring-boot-starter-actuator\3.2.4\spring-boot-starter-actuator-3.2.4.jar;C:\Users\poesh\.m2\repository\org\springframework\boot\spring-boot-actuator-autoconfigure\3.2.2\spring-boot-actuator-autoconfigure-3.2.2.jar;C:\Users\poesh\.m2\repository\org\springframework\boot\spring-boot-actuator\3.2.2\spring-boot-actuator-3.2.2.jar;C:\Users\poesh\.m2\repository\io\micrometer\micrometer-jakarta9\1.12.2\micrometer-jakarta9-1.12.2.jar;C:\Users\poesh\.m2\repository\io\micrometer\micrometer-registry-prometheus\1.12.5\micrometer-registry-prometheus-1.12.5.jar;C:\Users\poesh\.m2\repository\io\micrometer\micrometer-core\1.12.2\micrometer-core-1.12.2.jar;C:\Users\poesh\.m2\repository\org\hdrhistogram\HdrHistogram\2.1.12\HdrHistogram-2.1.12.jar;C:\Users\poesh\.m2\repository\org\latencyutils\LatencyUtils\2.0.3\LatencyUtils-2.0.3.jar;C:\Users\poesh\.m2\repository\io\prometheus\simpleclient_common\0.16.0\simpleclient_common-0.16.0.jar;C:\Users\poesh\.m2\repository\io\prometheus\simpleclient\0.16.0\simpleclient-0.16.0.jar;C:\Users\poesh\.m2\repository\io\prometheus\simpleclient_tracer_otel\0.16.0\simpleclient_tracer_otel-0.16.0.jar;C:\Users\poesh\.m2\repository\io\prometheus\simpleclient_tracer_common\0.16.0\simpleclient_tracer_common-0.16.0.jar;C:\Users\poesh\.m2\repository\io\prometheus\simpleclient_tracer_otel_agent\0.16.0\simpleclient_tracer_otel_agent-0.16.0.jar;C:\Users\poesh\.m2\repository\io\micrometer\micrometer-tracing-bridge-brave\1.2.5\micrometer-tracing-bridge-brave-1.2.5.jar;C:\Users\poesh\.m2\repository\io\micrometer\micrometer-tracing\1.2.2\micrometer-tracing-1.2.2.jar;C:\Users\poesh\.m2\repository\io\micrometer\context-propagation\1.1.0\context-propagation-1.1.0.jar;C:\Users\poesh\.m2\repository\aopalliance\aopalliance\1.0\aopalliance-1.0.jar;C:\Users\poesh\.m2\repository\org\slf4j\slf4j-api\2.0.11\slf4j-api-2.0.11.jar;C:\Users\poesh\.m2\repository\io\zipkin\brave\brave\5.16.0\brave-5.16.0.jar;C:\Users\poesh\.m2\repository\io\zipkin\brave\brave-context-slf4j\5.16.0\brave-context-slf4j-5.16.0.jar;C:\Users\poesh\.m2\repository\io\zipkin\brave\brave-instrumentation-http\5.16.0\brave-instrumentation-http-5.16.0.jar;C:\Users\poesh\.m2\repository\io\zipkin\aws\brave-propagation-aws\0.23.5\brave-propagation-aws-0.23.5.jar;C:\Users\poesh\.m2\repository\jakarta\xml\bind\jakarta.xml.bind-api\4.0.1\jakarta.xml.bind-api-4.0.1.jar;C:\Users\poesh\.m2\repository\jakarta\activation\jakarta.activation-api\2.1.2\jakarta.activation-api-2.1.2.jar;C:\Users\poesh\.m2\repository\org\springframework\spring-core\6.1.3\spring-core-6.1.3.jar;C:\Users\poesh\.m2\repository\org\springframework\spring-jcl\6.1.3\spring-jcl-6.1.3.jar;C:\Users\poesh\.m2\repository\io\netty\netty-handler\4.1.105.Final\netty-handler-4.1.105.Final.jar;C:\Users\poesh\.m2\repository\io\netty\netty-common\4.1.105.Final\netty-common-4.1.105.Final.jar;C:\Users\poesh\.m2\repository\io\netty\netty-resolver\4.1.105.Final\netty-resolver-4.1.105.Final.jar;C:\Users\poesh\.m2\repository\io\netty\netty-buffer\4.1.105.Final\netty-buffer-4.1.105.Final.jar;C:\Users\poesh\.m2\repository\io\netty\netty-transport\4.1.105.Final\netty-transport-4.1.105.Final.jar;C:\Users\poesh\.m2\repository\io\netty\netty-transport-native-unix-common\4.1.105.Final\netty-transport-native-unix-common-4.1.105.Final.jar;C:\Users\poesh\.m2\repository\io\netty\netty-codec\4.1.105.Final\netty-codec-4.1.105.Final.jar;C:\Users\poesh\.m2\repository\io\netty\netty-transport-classes-epoll\4.1.105.Final\netty-transport-classes-epoll-4.1.105.Final.jar;C:\Users\poesh\.m2\repository\io\projectreactor\reactor-core\3.6.2\reactor-core-3.6.2.jar;C:\Users\poesh\.m2\repository\org\reactivestreams\reactive-streams\1.0.4\reactive-streams-1.0.4.jar;C:\Users\poesh\.m2\repository\org\apache\commons\commons-lang3\3.13.0\commons-lang3-3.13.0.jar;C:\Users\poesh\.m2\repository\org\yaml\snakeyaml\2.2\snakeyaml-2.2.jar;C:\Users\poesh\.m2\repository\org\springdoc\springdoc-openapi-starter-webmvc-ui\2.3.0\springdoc-openapi-starter-webmvc-ui-2.3.0.jar;C:\Users\poesh\.m2\repository\org\springdoc\springdoc-openapi-starter-webmvc-api\2.3.0\springdoc-openapi-starter-webmvc-api-2.3.0.jar;C:\Users\poesh\.m2\repository\org\springdoc\springdoc-openapi-starter-common\2.3.0\springdoc-openapi-starter-common-2.3.0.jar;C:\Users\poesh\.m2\repository\io\swagger\core\v3\swagger-core-jakarta\2.2.19\swagger-core-jakarta-2.2.19.jar;C:\Users\poesh\.m2\repository\io\swagger\core\v3\swagger-annotations-jakarta\2.2.19\swagger-annotations-jakarta-2.2.19.jar;C:\Users\poesh\.m2\repository\io\swagger\core\v3\swagger-models-jakarta\2.2.19\swagger-models-jakarta-2.2.19.jar;C:\Users\poesh\.m2\repository\com\fasterxml\jackson\dataformat\jackson-dataformat-yaml\2.15.3\jackson-dataformat-yaml-2.15.3.jar;C:\Users\poesh\.m2\repository\org\webjars\swagger-ui\5.10.3\swagger-ui-5.10.3.jar;C:\Users\poesh\IdeaProjects\Tinkoff_Java_\target\classes
Launcher Type: SUN_STANDARD

[Global flags]
     intx CICompilerCount                          = 4                                         {product} {ergonomic}
     uint ConcGCThreads                            = 3                                         {product} {ergonomic}
     uint G1ConcRefinementThreads                  = 10                                        {product} {ergonomic}
   size_t G1HeapRegionSize                         = 2097152                                   {product} {ergonomic}
    uintx GCDrainStackTargetSize                   = 64                                        {product} {ergonomic}
   size_t InitialHeapSize                          = 257949696                                 {product} {ergonomic}
   size_t MarkStackSize                            = 4194304                                   {product} {ergonomic}
   size_t MaxHeapSize                              = 4127195136                                {product} {ergonomic}
   size_t MaxNewSize                               = 2474639360                                {product} {ergonomic}
   size_t MinHeapDeltaBytes                        = 2097152                                   {product} {ergonomic}
   size_t MinHeapSize                              = 8388608                                   {product} {ergonomic}
    uintx NonNMethodCodeHeapSize                   = 5839372                                {pd product} {ergonomic}
    uintx NonProfiledCodeHeapSize                  = 122909434                              {pd product} {ergonomic}
    uintx ProfiledCodeHeapSize                     = 122909434                              {pd product} {ergonomic}
    uintx ReservedCodeCacheSize                    = 251658240                              {pd product} {ergonomic}
     bool SegmentedCodeCache                       = true                                      {product} {ergonomic}
   size_t SoftMaxHeapSize                          = 4127195136                             {manageable} {ergonomic}
     bool UseCompressedOops                        = true                           {product lp64_product} {ergonomic}
     bool UseG1GC                                  = true                                      {product} {ergonomic}
     bool UseLargePagesIndividualAllocation        = false                                  {pd product} {ergonomic}

Logging:
Log output configuration:
 #0: stdout all=warning uptime,level,tags foldmultilines=false
 #1: stderr all=off uptime,level,tags foldmultilines=false

Environment Variables:
JAVA_HOME=C:\Program Files\Java\jdk-21
PATH=C:\Program Files\Microsoft MPI\Bin\;C:\Program Files\Common Files\Oracle\Java\javapath;C:\Program Files (x86)\Common Files\Oracle\Java\java8path;C:\Program Files (x86)\Common Files\Oracle\Java\javapath;C:\ProgramData\Oracle\Java\javapath;C:\Windows\system32;C:\Windows;C:\Windows\System32\Wbem;C:\Windows\System32\WindowsPowerShell\v1.0\;C:\Windows\System32\OpenSSH\;C:\Program Files\Microsoft SQL Server\130\Tools\Binn\;C:\Program Files\WireGuard\;D:\MATLABR2023a\runtime\win64;D:\MATLABR2023a\bin;D:\msys64\mingw64\bin;D:\msys64\usr;C:\Program Files\CMake\bin;C:\Program Files\Git\cmd;C:\Program Files\GitHub CLI\;C:\Program Files\Docker\Docker\resources\bin;C:\Users\poesh\AppData\Local\Microsoft\WindowsApps;C:\Users\poesh\AppData\Local\Programs\Microsoft VS Code\bin;C:\Users\poesh\AppData\Local\Programs\MiKTeX\miktex\bin\x64\;C:\Users\poesh\AppData\Local\JetBrains\Toolbox\scripts;C:\Users\poesh\AppData\Local\GitHubDesktop\bin
USERNAME=poesh
OS=Windows_NT
PROCESSOR_IDENTIFIER=AMD64 Family 23 Model 96 Stepping 1, AuthenticAMD
TMP=C:\Users\poesh\AppData\Local\Temp
TEMP=C:\Users\poesh\AppData\Local\Temp




---------------  S Y S T E M  ---------------

OS:
 Windows 10 , 64 bit Build 19041 (10.0.19041.3636)
OS uptime: 2 days 5:39 hours
Hyper-V role detected

CPU: total 12 (initial active 12) (12 cores per cpu, 2 threads per core) family 23 model 96 stepping 1 microcode 0x0, cx8, cmov, fxsr, ht, mmx, 3dnowpref, sse, sse2, sse3, ssse3, sse4a, sse4.1, sse4.2, popcnt, lzcnt, tsc, tscinvbit, avx, avx2, aes, clmul, bmi1, bmi2, adx, sha, fma, vzeroupper, clflush, clflushopt, hv, rdtscp, rdpid, f16c
Processor Information for all 12 processors :
  Max Mhz: 3000, Current Mhz: 3000, Mhz Limit: 3000

Memory: 4k page, system-wide physical 15741M (2978M free)
TotalPageFile size 22765M (AvailPageFile size 5M)
current process WorkingSet (physical memory assigned to process): 120M, peak: 120M
current process commit charge ("private bytes"): 370M, peak: 371M

vm_info: Java HotSpot(TM) 64-Bit Server VM (21+35-LTS-2513) for windows-amd64 JRE (21+35-LTS-2513), built on 2023-08-09T20:25:10Z by "mach5one" with MS VC++ 17.1 (VS2022)

END.
